# JRE version: OpenJDK Runtime Environment Microsoft-8035246 (17.0.8+7) (build 17.0.8+7-LTS)
# Java VM: OpenJDK 64-Bit Server VM Microsoft-8035246 (17.0.8+7-LTS, mixed mode, sharing, tiered, compressed oops, compressed class ptrs, g1 gc, windows-amd64)
GC Precious Log:
 CPUs: 8 total, 8 available
 Memory: 16167M
 Large Page Support: Disabled
 NUMA Support: Disabled
 Compressed Oops: Enabled (32-bit)
 Heap Region Size: 1M
 Heap Min Capacity: 8M
 Heap Initial Capacity: 254M
 Heap Max Capacity: 2G
 Pre-touch: Disabled
 Parallel Workers: 8
 Concurrent Workers: 2
 Concurrent Refinement Workers: 8
 Periodic GC: Disabled
Heap:
 garbage-first heap   total 315392K, used 255040K [0x0000000080000000, 0x0000000100000000)
  region size 1024K, 62 young (63488K), 5 survivors (5120K)
 Metaspace       used 109334K, committed 110528K, reserved 557056K
  class space    used 15057K, committed 15616K, reserved 425984K
GC Heap History (20 events):
Event: 23.677 GC heap before
{Heap before GC invocations=37 (full 0):
 garbage-first heap   total 315392K, used 208991K [0x0000000080000000, 0x0000000100000000)
  region size 1024K, 116 young (118784K), 3 survivors (3072K)
 Metaspace       used 83423K, committed 84224K, reserved 557056K
  class space    used 11654K, committed 12032K, reserved 425984K
}
Event: 23.685 GC heap after
{Heap after GC invocations=38 (full 0):
 garbage-first heap   total 315392K, used 98767K [0x0000000080000000, 0x0000000100000000)
  region size 1024K, 9 young (9216K), 9 survivors (9216K)
 Metaspace       used 83423K, committed 84224K, reserved 557056K
  class space    used 11654K, committed 12032K, reserved 425984K
}
Event: 25.522 GC heap before
{Heap before GC invocations=38 (full 0):
 garbage-first heap   total 315392K, used 103887K [0x0000000080000000, 0x0000000100000000)
  region size 1024K, 15 young (15360K), 9 survivors (9216K)
 Metaspace       used 83598K, committed 84352K, reserved 557056K
  class space    used 11677K, committed 12032K, reserved 425984K
}
Event: 25.527 GC heap after
{Heap after GC invocations=39 (full 0):
 garbage-first heap   total 315392K, used 99306K [0x0000000080000000, 0x0000000100000000)
  region size 1024K, 2 young (2048K), 2 survivors (2048K)
 Metaspace       used 83598K, committed 84352K, reserved 557056K
  class space    used 11677K, committed 12032K, reserved 425984K
}
Event: 27.023 GC heap before
{Heap before GC invocations=39 (full 0):
 garbage-first heap   total 315392K, used 221162K [0x0000000080000000, 0x0000000100000000)
  region size 1024K, 120 young (122880K), 2 survivors (2048K)
 Metaspace       used 91554K, committed 92352K, reserved 557056K
  class space    used 12934K, committed 13312K, reserved 425984K
}
Event: 27.028 GC heap after
{Heap after GC invocations=40 (full 0):
 garbage-first heap   total 315392K, used 103282K [0x0000000080000000, 0x0000000100000000)
  region size 1024K, 6 young (6144K), 6 survivors (6144K)
 Metaspace       used 91554K, committed 92352K, reserved 557056K
  class space    used 12934K, committed 13312K, reserved 425984K
}
Event: 28.504 GC heap before
{Heap before GC invocations=40 (full 0):
 garbage-first heap   total 315392K, used 231282K [0x0000000080000000, 0x0000000100000000)
  region size 1024K, 128 young (131072K), 6 survivors (6144K)
 Metaspace       used 95166K, committed 96064K, reserved 557056K
  class space    used 13426K, committed 13824K, reserved 425984K
}
Event: 28.522 GC heap after
{Heap after GC invocations=41 (full 0):
 garbage-first heap   total 315392K, used 124322K [0x0000000080000000, 0x0000000100000000)
  region size 1024K, 16 young (16384K), 16 survivors (16384K)
 Metaspace       used 95166K, committed 96064K, reserved 557056K
  class space    used 13426K, committed 13824K, reserved 425984K
}
Event: 30.084 GC heap before
{Heap before GC invocations=41 (full 0):
 garbage-first heap   total 315392K, used 240034K [0x0000000080000000, 0x0000000100000000)
  region size 1024K, 125 young (128000K), 16 survivors (16384K)
 Metaspace       used 97827K, committed 98880K, reserved 557056K
  class space    used 13704K, committed 14208K, reserved 425984K
}
Event: 30.103 GC heap after
{Heap after GC invocations=42 (full 0):
 garbage-first heap   total 315392K, used 150230K [0x0000000080000000, 0x0000000100000000)
  region size 1024K, 16 young (16384K), 16 survivors (16384K)
 Metaspace       used 97827K, committed 98880K, reserved 557056K
  class space    used 13704K, committed 14208K, reserved 425984K
}
Event: 31.349 GC heap before
{Heap before GC invocations=42 (full 0):
 garbage-first heap   total 315392K, used 241366K [0x0000000080000000, 0x0000000100000000)
  region size 1024K, 103 young (105472K), 16 survivors (16384K)
 Metaspace       used 99862K, committed 100992K, reserved 557056K
  class space    used 13939K, committed 14464K, reserved 425984K
}
Event: 31.367 GC heap after
{Heap after GC invocations=43 (full 0):
 garbage-first heap   total 315392K, used 169331K [0x0000000080000000, 0x0000000100000000)
  region size 1024K, 13 young (13312K), 13 survivors (13312K)
 Metaspace       used 99862K, committed 100992K, reserved 557056K
  class space    used 13939K, committed 14464K, reserved 425984K
}
Event: 32.543 GC heap before
{Heap before GC invocations=43 (full 0):
 garbage-first heap   total 315392K, used 243059K [0x0000000080000000, 0x0000000100000000)
  region size 1024K, 85 young (87040K), 13 survivors (13312K)
 Metaspace       used 104883K, committed 106048K, reserved 557056K
  class space    used 14635K, committed 15168K, reserved 425984K
}
Event: 32.558 GC heap after
{Heap after GC invocations=44 (full 0):
 garbage-first heap   total 315392K, used 175912K [0x0000000080000000, 0x0000000100000000)
  region size 1024K, 6 young (6144K), 6 survivors (6144K)
 Metaspace       used 104883K, committed 106048K, reserved 557056K
  class space    used 14635K, committed 15168K, reserved 425984K
}
Event: 33.578 GC heap before
{Heap before GC invocations=44 (full 0):
 garbage-first heap   total 315392K, used 249640K [0x0000000080000000, 0x0000000100000000)
  region size 1024K, 78 young (79872K), 6 survivors (6144K)
 Metaspace       used 106545K, committed 107712K, reserved 557056K
  class space    used 14833K, committed 15360K, reserved 425984K
}
Event: 33.590 GC heap after
{Heap after GC invocations=45 (full 0):
 garbage-first heap   total 315392K, used 184320K [0x0000000080000000, 0x0000000100000000)
  region size 1024K, 10 young (10240K), 10 survivors (10240K)
 Metaspace       used 106545K, committed 107712K, reserved 557056K
  class space    used 14833K, committed 15360K, reserved 425984K
}
Event: 34.320 GC heap before
{Heap before GC invocations=45 (full 0):
 garbage-first heap   total 315392K, used 252928K [0x0000000080000000, 0x0000000100000000)
  region size 1024K, 78 young (79872K), 10 survivors (10240K)
 Metaspace       used 108089K, committed 109312K, reserved 557056K
  class space    used 14971K, committed 15552K, reserved 425984K
}
Event: 34.336 GC heap after
{Heap after GC invocations=46 (full 0):
 garbage-first heap   total 315392K, used 194610K [0x0000000080000000, 0x0000000100000000)
  region size 1024K, 10 young (10240K), 10 survivors (10240K)
 Metaspace       used 108089K, committed 109312K, reserved 557056K
  class space    used 14971K, committed 15552K, reserved 425984K
}
Event: 34.843 GC heap before
{Heap before GC invocations=46 (full 0):
 garbage-first heap   total 315392K, used 261170K [0x0000000080000000, 0x0000000100000000)
  region size 1024K, 71 young (72704K), 10 survivors (10240K)
 Metaspace       used 109324K, committed 110528K, reserved 557056K
  class space    used 15057K, committed 15616K, reserved 425984K
}
Event: 34.855 GC heap after
{Heap after GC invocations=47 (full 0):
 garbage-first heap   total 315392K, used 198720K [0x0000000080000000, 0x0000000100000000)
  region size 1024K, 5 young (5120K), 5 survivors (5120K)
 Metaspace       used 109324K, committed 110528K, reserved 557056K
  class space    used 15057K, committed 15616K, reserved 425984K
}

