# JRE version: OpenJDK Runtime Environment Microsoft-8035246 (17.0.8+7) (build 17.0.8+7-LTS)
# Java VM: OpenJDK 64-Bit Server VM Microsoft-8035246 (17.0.8+7-LTS, mixed mode, sharing, tiered, compressed oops, compressed class ptrs, g1 gc, windows-amd64)
GC Precious Log:
 CPUs: 8 total, 8 available
 Memory: 16167M
 Large Page Support: Disabled
 NUMA Support: Disabled
 Compressed Oops: Enabled (32-bit)
 Heap Region Size: 1M
 Heap Min Capacity: 8M
 Heap Initial Capacity: 254M
 Heap Max Capacity: 2G
 Pre-touch: Disabled
 Parallel Workers: 8
 Concurrent Workers: 2
 Concurrent Refinement Workers: 8
 Periodic GC: Disabled
Heap:
 garbage-first heap   total 367616K, used 243393K [0x0000000080000000, 0x0000000100000000)
  region size 1024K, 48 young (49152K), 7 survivors (7168K)
 Metaspace       used 109325K, committed 110528K, reserved 557056K
  class space    used 15065K, committed 15616K, reserved 425984K
GC Heap History (20 events):
Event: 13.816 GC heap before
{Heap before GC invocations=29 (full 0):
 garbage-first heap   total 306176K, used 242685K [0x0000000080000000, 0x0000000100000000)
  region size 1024K, 146 young (149504K), 1 survivors (1024K)
 Metaspace       used 83366K, committed 84160K, reserved 557056K
  class space    used 11652K, committed 12032K, reserved 425984K
}
Event: 13.822 GC heap after
{Heap after GC invocations=30 (full 0):
 garbage-first heap   total 306176K, used 97040K [0x0000000080000000, 0x0000000100000000)
  region size 1024K, 10 young (10240K), 10 survivors (10240K)
 Metaspace       used 83366K, committed 84160K, reserved 557056K
  class space    used 11652K, committed 12032K, reserved 425984K
}
Event: 16.718 GC heap before
{Heap before GC invocations=30 (full 0):
 garbage-first heap   total 306176K, used 237328K [0x0000000080000000, 0x0000000100000000)
  region size 1024K, 146 young (149504K), 10 survivors (10240K)
 Metaspace       used 90903K, committed 91712K, reserved 557056K
  class space    used 12849K, committed 13184K, reserved 425984K
}
Event: 16.725 GC heap after
{Heap after GC invocations=31 (full 0):
 garbage-first heap   total 306176K, used 103996K [0x0000000080000000, 0x0000000100000000)
  region size 1024K, 16 young (16384K), 16 survivors (16384K)
 Metaspace       used 90903K, committed 91712K, reserved 557056K
  class space    used 12849K, committed 13184K, reserved 425984K
}
Event: 17.866 GC heap before
{Heap before GC invocations=31 (full 0):
 garbage-first heap   total 306176K, used 245308K [0x0000000080000000, 0x0000000100000000)
  region size 1024K, 151 young (154624K), 16 survivors (16384K)
 Metaspace       used 95206K, committed 96128K, reserved 557056K
  class space    used 13438K, committed 13888K, reserved 425984K
}
Event: 17.883 GC heap after
{Heap after GC invocations=32 (full 0):
 garbage-first heap   total 306176K, used 125426K [0x0000000080000000, 0x0000000100000000)
  region size 1024K, 19 young (19456K), 19 survivors (19456K)
 Metaspace       used 95206K, committed 96128K, reserved 557056K
  class space    used 13438K, committed 13888K, reserved 425984K
}
Event: 18.838 GC heap before
{Heap before GC invocations=32 (full 0):
 garbage-first heap   total 306176K, used 247282K [0x0000000080000000, 0x0000000100000000)
  region size 1024K, 134 young (137216K), 19 survivors (19456K)
 Metaspace       used 97818K, committed 98816K, reserved 557056K
  class space    used 13709K, committed 14144K, reserved 425984K
}
Event: 18.855 GC heap after
{Heap after GC invocations=33 (full 0):
 garbage-first heap   total 306176K, used 152023K [0x0000000080000000, 0x0000000100000000)
  region size 1024K, 17 young (17408K), 17 survivors (17408K)
 Metaspace       used 97818K, committed 98816K, reserved 557056K
  class space    used 13709K, committed 14144K, reserved 425984K
}
Event: 19.578 GC heap before
{Heap before GC invocations=33 (full 0):
 garbage-first heap   total 306176K, used 242135K [0x0000000080000000, 0x0000000100000000)
  region size 1024K, 103 young (105472K), 17 survivors (17408K)
 Metaspace       used 100090K, committed 101184K, reserved 557056K
  class space    used 13975K, committed 14464K, reserved 425984K
}
Event: 19.596 GC heap after
{Heap after GC invocations=34 (full 0):
 garbage-first heap   total 306176K, used 171466K [0x0000000080000000, 0x0000000100000000)
  region size 1024K, 13 young (13312K), 13 survivors (13312K)
 Metaspace       used 100090K, committed 101184K, reserved 557056K
  class space    used 13975K, committed 14464K, reserved 425984K
}
Event: 20.381 GC heap before
{Heap before GC invocations=34 (full 0):
 garbage-first heap   total 306176K, used 245194K [0x0000000080000000, 0x0000000100000000)
  region size 1024K, 85 young (87040K), 13 survivors (13312K)
 Metaspace       used 104997K, committed 106112K, reserved 557056K
  class space    used 14659K, committed 15168K, reserved 425984K
}
Event: 20.395 GC heap after
{Heap after GC invocations=35 (full 0):
 garbage-first heap   total 306176K, used 178359K [0x0000000080000000, 0x0000000100000000)
  region size 1024K, 6 young (6144K), 6 survivors (6144K)
 Metaspace       used 104997K, committed 106112K, reserved 557056K
  class space    used 14659K, committed 15168K, reserved 425984K
}
Event: 21.040 GC heap before
{Heap before GC invocations=35 (full 0):
 garbage-first heap   total 306176K, used 250039K [0x0000000080000000, 0x0000000100000000)
  region size 1024K, 76 young (77824K), 6 survivors (6144K)
 Metaspace       used 106569K, committed 107712K, reserved 557056K
  class space    used 14841K, committed 15360K, reserved 425984K
}
Event: 21.053 GC heap after
{Heap after GC invocations=36 (full 0):
 garbage-first heap   total 306176K, used 186368K [0x0000000080000000, 0x0000000100000000)
  region size 1024K, 10 young (10240K), 10 survivors (10240K)
 Metaspace       used 106569K, committed 107712K, reserved 557056K
  class space    used 14841K, committed 15360K, reserved 425984K
}
Event: 21.480 GC heap before
{Heap before GC invocations=36 (full 0):
 garbage-first heap   total 306176K, used 256000K [0x0000000080000000, 0x0000000100000000)
  region size 1024K, 74 young (75776K), 10 survivors (10240K)
 Metaspace       used 108777K, committed 109952K, reserved 557056K
  class space    used 14997K, committed 15552K, reserved 425984K
}
Event: 21.493 GC heap after
{Heap after GC invocations=37 (full 0):
 garbage-first heap   total 306176K, used 195728K [0x0000000080000000, 0x0000000100000000)
  region size 1024K, 9 young (9216K), 9 survivors (9216K)
 Metaspace       used 108777K, committed 109952K, reserved 557056K
  class space    used 14997K, committed 15552K, reserved 425984K
}
Event: 21.831 GC heap before
{Heap before GC invocations=37 (full 0):
 garbage-first heap   total 306176K, used 253072K [0x0000000080000000, 0x0000000100000000)
  region size 1024K, 66 young (67584K), 9 survivors (9216K)
 Metaspace       used 109317K, committed 110528K, reserved 557056K
  class space    used 15065K, committed 15616K, reserved 425984K
}
Event: 21.841 GC heap after
{Heap after GC invocations=38 (full 0):
 garbage-first heap   total 306176K, used 199733K [0x0000000080000000, 0x0000000100000000)
  region size 1024K, 5 young (5120K), 5 survivors (5120K)
 Metaspace       used 109317K, committed 110528K, reserved 557056K
  class space    used 15065K, committed 15616K, reserved 425984K
}
Event: 22.168 GC heap before
{Heap before GC invocations=38 (full 0):
 garbage-first heap   total 306176K, used 255029K [0x0000000080000000, 0x0000000100000000)
  region size 1024K, 60 young (61440K), 5 survivors (5120K)
 Metaspace       used 109318K, committed 110528K, reserved 557056K
  class space    used 15065K, committed 15616K, reserved 425984K
}
Event: 22.174 GC heap after
{Heap after GC invocations=39 (full 0):
 garbage-first heap   total 367616K, used 202433K [0x0000000080000000, 0x0000000100000000)
  region size 1024K, 7 young (7168K), 7 survivors (7168K)
 Metaspace       used 109318K, committed 110528K, reserved 557056K
  class space    used 15065K, committed 15616K, reserved 425984K
}

