# JRE version: OpenJDK Runtime Environment Microsoft-8035246 (17.0.8+7) (build 17.0.8+7-LTS)
# Java VM: OpenJDK 64-Bit Server VM Microsoft-8035246 (17.0.8+7-LTS, mixed mode, sharing, tiered, compressed oops, compressed class ptrs, g1 gc, windows-amd64)
GC Precious Log:
 CPUs: 8 total, 8 available
 Memory: 16167M
 Large Page Support: Disabled
 NUMA Support: Disabled
 Compressed Oops: Enabled (32-bit)
 Heap Region Size: 1M
 Heap Min Capacity: 8M
 Heap Initial Capacity: 254M
 Heap Max Capacity: 2G
 Pre-touch: Disabled
 Parallel Workers: 8
 Concurrent Workers: 2
 Concurrent Refinement Workers: 8
 Periodic GC: Disabled
Heap:
 garbage-first heap   total 374784K, used 220726K [0x0000000080000000, 0x0000000100000000)
  region size 1024K, 24 young (24576K), 7 survivors (7168K)
 Metaspace       used 114594K, committed 115776K, reserved 557056K
  class space    used 15717K, committed 16320K, reserved 425984K
GC Heap History (20 events):
Event: 39.552 GC heap before
{Heap before GC invocations=38 (full 0):
 garbage-first heap   total 266240K, used 216167K [0x0000000080000000, 0x0000000100000000)
  region size 1024K, 112 young (114688K), 13 survivors (13312K)
 Metaspace       used 100788K, committed 101760K, reserved 557056K
  class space    used 14130K, committed 14592K, reserved 425984K
}
Event: 39.567 GC heap after
{Heap after GC invocations=39 (full 0):
 garbage-first heap   total 266240K, used 131308K [0x0000000080000000, 0x0000000100000000)
  region size 1024K, 14 young (14336K), 14 survivors (14336K)
 Metaspace       used 100788K, committed 101760K, reserved 557056K
  class space    used 14130K, committed 14592K, reserved 425984K
}
Event: 40.454 GC heap before
{Heap before GC invocations=39 (full 0):
 garbage-first heap   total 266240K, used 201964K [0x0000000080000000, 0x0000000100000000)
  region size 1024K, 83 young (84992K), 14 survivors (14336K)
 Metaspace       used 102947K, committed 104000K, reserved 557056K
  class space    used 14350K, committed 14848K, reserved 425984K
}
Event: 40.475 GC heap after
{Heap after GC invocations=40 (full 0):
 garbage-first heap   total 266240K, used 147996K [0x0000000080000000, 0x0000000100000000)
  region size 1024K, 12 young (12288K), 12 survivors (12288K)
 Metaspace       used 102947K, committed 104000K, reserved 557056K
  class space    used 14350K, committed 14848K, reserved 425984K
}
Event: 41.213 GC heap before
{Heap before GC invocations=41 (full 0):
 garbage-first heap   total 266240K, used 215580K [0x0000000080000000, 0x0000000100000000)
  region size 1024K, 75 young (76800K), 12 survivors (12288K)
 Metaspace       used 104010K, committed 105152K, reserved 557056K
  class space    used 14491K, committed 15040K, reserved 425984K
}
Event: 41.231 GC heap after
{Heap after GC invocations=42 (full 0):
 garbage-first heap   total 266240K, used 165482K [0x0000000080000000, 0x0000000100000000)
  region size 1024K, 10 young (10240K), 10 survivors (10240K)
 Metaspace       used 104010K, committed 105152K, reserved 557056K
  class space    used 14491K, committed 15040K, reserved 425984K
}
Event: 41.264 GC heap before
{Heap before GC invocations=42 (full 0):
 garbage-first heap   total 266240K, used 168554K [0x0000000080000000, 0x0000000100000000)
  region size 1024K, 13 young (13312K), 10 survivors (10240K)
 Metaspace       used 104289K, committed 105344K, reserved 557056K
  class space    used 14514K, committed 15040K, reserved 425984K
}
Event: 41.272 GC heap after
{Heap after GC invocations=43 (full 0):
 garbage-first heap   total 266240K, used 166699K [0x0000000080000000, 0x0000000100000000)
  region size 1024K, 2 young (2048K), 2 survivors (2048K)
 Metaspace       used 104289K, committed 105344K, reserved 557056K
  class space    used 14514K, committed 15040K, reserved 425984K
}
Event: 41.877 GC heap before
{Heap before GC invocations=43 (full 0):
 garbage-first heap   total 266240K, used 215851K [0x0000000080000000, 0x0000000100000000)
  region size 1024K, 49 young (50176K), 2 survivors (2048K)
 Metaspace       used 105174K, committed 106304K, reserved 557056K
  class space    used 14603K, committed 15168K, reserved 425984K
}
Event: 41.885 GC heap after
{Heap after GC invocations=44 (full 0):
 garbage-first heap   total 266240K, used 175940K [0x0000000080000000, 0x0000000100000000)
  region size 1024K, 7 young (7168K), 7 survivors (7168K)
 Metaspace       used 105174K, committed 106304K, reserved 557056K
  class space    used 14603K, committed 15168K, reserved 425984K
}
Event: 42.422 GC heap before
{Heap before GC invocations=45 (full 0):
 garbage-first heap   total 312320K, used 214852K [0x0000000080000000, 0x0000000100000000)
  region size 1024K, 45 young (46080K), 7 survivors (7168K)
 Metaspace       used 107789K, committed 108928K, reserved 557056K
  class space    used 15002K, committed 15552K, reserved 425984K
}
Event: 42.434 GC heap after
{Heap after GC invocations=46 (full 0):
 garbage-first heap   total 312320K, used 179078K [0x0000000080000000, 0x0000000100000000)
  region size 1024K, 3 young (3072K), 3 survivors (3072K)
 Metaspace       used 107789K, committed 108928K, reserved 557056K
  class space    used 15002K, committed 15552K, reserved 425984K
}
Event: 42.612 GC heap before
{Heap before GC invocations=46 (full 0):
 garbage-first heap   total 312320K, used 191366K [0x0000000080000000, 0x0000000100000000)
  region size 1024K, 15 young (15360K), 3 survivors (3072K)
 Metaspace       used 108685K, committed 109824K, reserved 557056K
  class space    used 15143K, committed 15680K, reserved 425984K
}
Event: 42.617 GC heap after
{Heap after GC invocations=47 (full 0):
 garbage-first heap   total 374784K, used 177707K [0x0000000080000000, 0x0000000100000000)
  region size 1024K, 2 young (2048K), 2 survivors (2048K)
 Metaspace       used 108685K, committed 109824K, reserved 557056K
  class space    used 15143K, committed 15680K, reserved 425984K
}
Event: 43.938 GC heap before
{Heap before GC invocations=47 (full 0):
 garbage-first heap   total 374784K, used 281131K [0x0000000080000000, 0x0000000100000000)
  region size 1024K, 103 young (105472K), 2 survivors (2048K)
 Metaspace       used 111852K, committed 112960K, reserved 557056K
  class space    used 15494K, committed 16000K, reserved 425984K
}
Event: 43.956 GC heap after
{Heap after GC invocations=48 (full 0):
 garbage-first heap   total 374784K, used 188215K [0x0000000080000000, 0x0000000100000000)
  region size 1024K, 12 young (12288K), 12 survivors (12288K)
 Metaspace       used 111852K, committed 112960K, reserved 557056K
  class space    used 15494K, committed 16000K, reserved 425984K
}
Event: 44.865 GC heap before
{Heap before GC invocations=48 (full 0):
 garbage-first heap   total 374784K, used 292663K [0x0000000080000000, 0x0000000100000000)
  region size 1024K, 110 young (112640K), 12 survivors (12288K)
 Metaspace       used 114229K, committed 115392K, reserved 557056K
  class space    used 15671K, committed 16256K, reserved 425984K
}
Event: 44.888 GC heap after
{Heap after GC invocations=49 (full 0):
 garbage-first heap   total 374784K, used 198470K [0x0000000080000000, 0x0000000100000000)
  region size 1024K, 11 young (11264K), 11 survivors (11264K)
 Metaspace       used 114229K, committed 115392K, reserved 557056K
  class space    used 15671K, committed 16256K, reserved 425984K
}
Event: 45.695 GC heap before
{Heap before GC invocations=49 (full 0):
 garbage-first heap   total 374784K, used 293702K [0x0000000080000000, 0x0000000100000000)
  region size 1024K, 105 young (107520K), 11 survivors (11264K)
 Metaspace       used 114593K, committed 115776K, reserved 557056K
  class space    used 15717K, committed 16320K, reserved 425984K
}
Event: 45.713 GC heap after
{Heap after GC invocations=50 (full 0):
 garbage-first heap   total 374784K, used 204342K [0x0000000080000000, 0x0000000100000000)
  region size 1024K, 7 young (7168K), 7 survivors (7168K)
 Metaspace       used 114593K, committed 115776K, reserved 557056K
  class space    used 15717K, committed 16320K, reserved 425984K
}

